{
  "RSpec": {
    "coverage": {
      "D:/DiscSoft_Workspace/HomeWork/codebreaker/codebreaker/codebreaker_smn/lib/codebreaker_smn/version.rb": [
        1,
        1,
        null
      ],
      "D:/DiscSoft_Workspace/HomeWork/codebreaker/codebreaker/codebreaker_smn/lib/codebreaker_smn.rb": [
        1,
        null,
        1,
        1,
        1,
        null,
        1,
        null,
        null,
        null,
        null,
        null,
        1,
        1,
        null,
        1,
        19,
        null,
        null,
        1,
        44,
        44,
        null,
        null,
        1,
        23,
        23,
        null,
        null,
        1,
        4,
        null,
        null,
        1,
        1,
        null,
        null,
        1,
        1,
        1,
        1,
        1,
        1,
        null,
        null,
        null,
        null,
        null,
        1,
        115,
        null,
        null,
        1,
        3,
        null,
        null,
        1,
        23,
        null,
        17,
        17,
        15,
        15,
        15,
        2,
        1,
        1,
        1,
        null,
        1,
        null,
        17,
        null,
        null,
        1,
        16,
        15,
        null,
        1,
        null,
        null,
        null,
        1,
        3,
        3,
        2,
        2,
        null,
        1,
        null,
        null,
        null,
        1,
        24,
        null,
        23,
        null,
        null,
        1,
        27,
        null,
        26,
        26,
        26,
        null,
        null,
        1,
        null,
        1,
        null,
        1,
        44,
        null,
        null,
        null
      ],
      "D:/DiscSoft_Workspace/HomeWork/codebreaker/codebreaker/codebreaker_smn/lib/codebreaker_smn/config/setup.rb": [
        1,
        1,
        1,
        1,
        1
      ],
      "D:/DiscSoft_Workspace/HomeWork/codebreaker/codebreaker/codebreaker_smn/lib/codebreaker_smn/helpers/validation_helper.rb": [
        null,
        null,
        null,
        1,
        1,
        24,
        null,
        null,
        1,
        27,
        null,
        null,
        1,
        23,
        null,
        null,
        1,
        47,
        null,
        null,
        1,
        24,
        null,
        null,
        1,
        104,
        null,
        null,
        1,
        81,
        null,
        null,
        1,
        19,
        null,
        null,
        1,
        17,
        null,
        null
      ],
      "D:/DiscSoft_Workspace/HomeWork/codebreaker/codebreaker/codebreaker_smn/lib/codebreaker_smn/helpers/code_handler.rb": [
        null,
        null,
        1,
        1,
        16,
        16,
        null,
        16,
        null,
        null,
        1,
        null,
        64,
        31,
        31,
        null,
        16,
        null,
        null,
        1,
        16,
        16,
        null,
        33,
        14,
        14,
        null,
        16,
        null,
        null
      ]
    },
    "timestamp": 1565281438
  }
}
