{
  "RSpec": {
    "coverage": {
      "D:/DiscSoft_Workspace/HomeWork/codebreaker-gem/codebreaker_smn/lib/codebreaker_smn/version.rb": [
        1,
        1,
        null
      ],
      "D:/DiscSoft_Workspace/HomeWork/codebreaker-gem/codebreaker_smn/lib/codebreaker_smn.rb": [
        1,
        1,
        1,
        1,
        null,
        1,
        1,
        1,
        null,
        null,
        null,
        null,
        null,
        null,
        null,
        null,
        1,
        null,
        null,
        null,
        null,
        null,
        1,
        1,
        null,
        1,
        14,
        14,
        null,
        null,
        1,
        14,
        14,
        null,
        null,
        1,
        11,
        11,
        null,
        null,
        1,
        3,
        null,
        null,
        1,
        1,
        null,
        null,
        1,
        14,
        null,
        14,
        null,
        null,
        1,
        1,
        null,
        1,
        1,
        1,
        1,
        null,
        1,
        null,
        null,
        null,
        null,
        null,
        null,
        1,
        null,
        null,
        null,
        1,
        null,
        1,
        1,
        0,
        null,
        null,
        null,
        1,
        55,
        null,
        null,
        1,
        14,
        14,
        14,
        12,
        12,
        12,
        2,
        1,
        1,
        null,
        1,
        null,
        14,
        null,
        null,
        1,
        13,
        13,
        13,
        13,
        13,
        52,
        24,
        24,
        null,
        null,
        null,
        13,
        24,
        24,
        null,
        null,
        13,
        28,
        12,
        12,
        null,
        null,
        null,
        13,
        null,
        null,
        1,
        2,
        1,
        1,
        null,
        1,
        null,
        null,
        null,
        1,
        8,
        8,
        8,
        null,
        null,
        1,
        null,
        1,
        1,
        null,
        1,
        14,
        null,
        null,
        null
      ],
      "D:/DiscSoft_Workspace/HomeWork/codebreaker-gem/codebreaker_smn/lib/codebreaker_smn/helpers/validation_helper.rb": [
        null,
        null,
        null,
        1,
        null,
        1,
        2,
        null,
        null,
        1,
        null,
        70,
        null,
        14,
        14,
        null,
        null,
        1,
        2,
        null,
        null,
        1,
        2,
        null,
        null,
        1,
        56,
        null,
        null,
        1,
        14,
        null,
        null,
        1,
        14,
        null,
        null
      ],
      "D:/DiscSoft_Workspace/HomeWork/codebreaker-gem/codebreaker_smn/lib/codebreaker_smn/helpers/errors/validation_error.rb": [
        null,
        null,
        null,
        1,
        null
      ]
    },
    "timestamp": 1561988926
  }
}
