{
  "RSpec": {
    "coverage": {
      "D:/DiscSoft_Workspace/HomeWork/codebreaker/codebreaker/codebreaker_console/helpers/messages.rb": [
        1,
        1,
        1,
        null,
        null,
        1,
        9,
        null,
        null,
        null,
        null,
        null,
        1,
        5,
        null,
        null,
        1,
        7,
        null,
        null,
        1,
        2,
        null,
        null,
        null,
        1,
        17,
        null,
        null,
        null,
        null,
        null,
        1,
        2,
        null,
        null,
        1,
        2,
        null,
        null,
        1,
        2,
        null,
        null,
        1,
        2,
        null,
        null,
        1,
        6,
        null,
        null,
        1,
        5,
        null,
        null,
        1,
        2,
        null,
        null,
        null,
        null,
        null,
        null,
        null,
        null,
        null,
        null,
        null,
        null,
        null,
        null,
        null,
        null,
        null,
        null,
        null,
        null,
        null,
        null,
        null
      ],
      "D:/DiscSoft_Workspace/HomeWork/codebreaker/codebreaker/codebreaker_console/helpers/statistics.rb": [
        1,
        1,
        null,
        1,
        3,
        null,
        0,
        null,
        null,
        1,
        1,
        1,
        null,
        1,
        null,
        null,
        1,
        2,
        2,
        48,
        48,
        48,
        null,
        null,
        2,
        null,
        null,
        1,
        1,
        26,
        null,
        null
      ],
      "D:/DiscSoft_Workspace/HomeWork/codebreaker/codebreaker/codebreaker_console/helpers/validations.rb": [
        1,
        1,
        5,
        null,
        null,
        1,
        16,
        null,
        null,
        1,
        5,
        null,
        null,
        1,
        5,
        null,
        null
      ],
      "D:/DiscSoft_Workspace/HomeWork/codebreaker/codebreaker/codebreaker_console/codebreaker_console.rb": [
        null,
        null,
        1,
        1,
        null,
        1,
        null,
        1,
        22,
        null,
        null,
        1,
        1,
        1,
        0,
        null,
        null,
        null,
        1,
        4,
        1,
        1,
        null,
        1,
        1,
        1,
        null,
        1,
        1,
        null,
        null,
        null,
        1,
        8,
        null,
        8,
        8,
        null,
        2,
        2,
        1,
        1,
        1,
        3,
        null,
        null,
        null,
        1,
        7,
        7,
        null,
        4,
        4,
        4,
        1,
        1,
        1,
        1,
        null,
        null,
        null,
        1,
        8,
        4,
        null,
        4,
        null,
        null,
        null,
        1,
        5,
        5,
        null,
        5,
        0,
        null,
        5,
        4,
        null,
        1,
        null,
        null,
        null,
        null,
        1,
        16,
        16,
        null,
        16,
        0,
        16,
        null,
        null,
        null,
        1,
        2,
        2,
        null,
        1,
        1,
        null,
        null,
        null,
        1,
        3,
        3,
        null,
        null
      ],
      "D:/DiscSoft_Workspace/HomeWork/codebreaker/codebreaker/codebreaker_console/config/setup.rb": [
        null,
        null,
        1,
        1,
        1,
        1,
        1,
        1,
        1
      ]
    },
    "timestamp": 1565351712
  }
}
