{
  "RSpec": {
    "coverage": {
      "D:/DiscSoft_Workspace/HomeWork/codebreaker-gem/codebreaker_console/helpers/output.rb": [
        1,
        null,
        1,
        1,
        null,
        null,
        1,
        8,
        null,
        null,
        null,
        null,
        null,
        1,
        4,
        null,
        null,
        1,
        5,
        null,
        null,
        1,
        1,
        null,
        null,
        null,
        1,
        15,
        null,
        null,
        null,
        null,
        null,
        1,
        1,
        null,
        null,
        1,
        1,
        null,
        null,
        1,
        2,
        null,
        null,
        1,
        1,
        null,
        null,
        1,
        3,
        null,
        null,
        1,
        4,
        null,
        null,
        1,
        2,
        null,
        null,
        null,
        null,
        null,
        null,
        null,
        null,
        null,
        null,
        null,
        null,
        null,
        null,
        null,
        null,
        null,
        null,
        null,
        null,
        null,
        null,
        null
      ],
      "D:/DiscSoft_Workspace/HomeWork/codebreaker-gem/codebreaker_console/codebreaker_console.rb": [
        1,
        1,
        null,
        1,
        1,
        null,
        1,
        null,
        1,
        null,
        1,
        23,
        null,
        null,
        1,
        1,
        1,
        0,
        null,
        null,
        null,
        1,
        4,
        1,
        1,
        null,
        1,
        1,
        1,
        null,
        1,
        1,
        null,
        null,
        null,
        1,
        8,
        null,
        8,
        8,
        null,
        2,
        2,
        1,
        1,
        1,
        3,
        null,
        null,
        null,
        1,
        7,
        7,
        4,
        4,
        4,
        1,
        1,
        1,
        1,
        null,
        null,
        null,
        null,
        1,
        8,
        4,
        null,
        4,
        null,
        null,
        null,
        1,
        5,
        5,
        null,
        5,
        0,
        null,
        5,
        4,
        null,
        1,
        null,
        null,
        null,
        null,
        1,
        15,
        15,
        null,
        15,
        0,
        null,
        15,
        null,
        null,
        null,
        1,
        2,
        null,
        null,
        1,
        1,
        null,
        null,
        1,
        2,
        2,
        null,
        1,
        1,
        null,
        null,
        null,
        1,
        3,
        3,
        null,
        null
      ]
    },
    "timestamp": 1561988903
  }
}
